<?xml version="1.0" encoding="UTF-8"?>
<testng-results skipped="0" failed="0" total="1" passed="1">
  <reporter-output>
  </reporter-output>
  <suite name="Default suite" duration-ms="19595" started-at="2020-03-02T15:01:25Z" finished-at="2020-03-02T15:01:45Z">
    <groups>
    </groups>
    <test name="Default test" duration-ms="19595" started-at="2020-03-02T15:01:25Z" finished-at="2020-03-02T15:01:45Z">
      <class name="dd_main.MainClass">
        <test-method status="PASS" signature="launchApp()[pri:0, instance:dd_main.MainClass@148080bb]" name="launchApp" is-config="true" duration-ms="13265" started-at="2020-03-02T07:01:25Z" finished-at="2020-03-02T07:01:39Z">
          <reporter-output>
          </reporter-output>
        </test-method> <!-- launchApp -->
        <test-method status="PASS" signature="maintest()[pri:0, instance:dd_main.MainClass@148080bb]" name="maintest" duration-ms="4137" started-at="2020-03-02T07:01:39Z" finished-at="2020-03-02T07:01:43Z">
          <reporter-output>
          </reporter-output>
        </test-method> <!-- maintest -->
        <test-method status="PASS" signature="logout()[pri:0, instance:dd_main.MainClass@148080bb]" name="logout" is-config="true" duration-ms="2033" started-at="2020-03-02T07:01:43Z" finished-at="2020-03-02T07:01:45Z">
          <reporter-output>
          </reporter-output>
        </test-method> <!-- logout -->
      </class> <!-- dd_main.MainClass -->
    </test> <!-- Default test -->
  </suite> <!-- Default suite -->
</testng-results>
